[debug] [2021-10-30T18:21:14.953Z] ----------------------------------------------------------------------
[debug] [2021-10-30T18:21:14.955Z] Command:       C:\Program Files\nodejs\node.exe C:\Users\shilo\AppData\Roaming\npm\node_modules\firebase-tools\lib\bin\firebase.js login
[debug] [2021-10-30T18:21:14.956Z] CLI Version:   9.21.0
[debug] [2021-10-30T18:21:14.956Z] Platform:      win32
[debug] [2021-10-30T18:21:14.956Z] Node Version:  v14.17.1
[debug] [2021-10-30T18:21:14.957Z] Time:          Sat Oct 30 2021 21:21:14 GMT+0300 (שעון ישראל (קיץ))
[debug] [2021-10-30T18:21:14.957Z] ----------------------------------------------------------------------
[debug] 
[info] i  Firebase optionally collects CLI usage and error reporting information to help improve our products. Data is collected in accordance with Google's privacy policy (https://policies.google.com/privacy) and is not used to identify you.
 
[info] i  To change your data collection preference at any time, run `firebase logout` and log in again. 
[info] 
[info] Visit this URL on this device to log in:
[info] https://accounts.google.com/o/oauth2/auth?client_id=563584335869-fgrhgmd47bqnekij5i8b5pr03ho849e6.apps.googleusercontent.com&scope=email%20openid%20https%3A%2F%2Fwww.googleapis.com%2Fauth%2Fcloudplatformprojects.readonly%20https%3A%2F%2Fwww.googleapis.com%2Fauth%2Ffirebase%20https%3A%2F%2Fwww.googleapis.com%2Fauth%2Fcloud-platform&response_type=code&state=778504333&redirect_uri=http%3A%2F%2Flocalhost%3A9005
[info] 
[info] Waiting for authentication...
[debug] [2021-10-30T18:21:16.803Z] Error: spawn cmd ENOENT
    at Process.ChildProcess._handle.onexit (internal/child_process.js:269:19)
    at onErrorNT (internal/child_process.js:467:16)
    at processTicksAndRejections (internal/process/task_queues.js:82:21)
[error] 
[error] Error: An unexpected error has occurred.
